Running with dbt=1.7.15
Registered adapter: snowflake=1.7.1
Found 8 models, 1 snapshot, 1 analysis, 22 tests, 1 seed, 3 sources, 1 exposure, 0 metrics, 825 macros, 0 groups, 0 semantic models

Concurrency: 1 threads (target='dev')

1 of 29 START seed file DEV.seed_full_moon_dates ............................... [RUN]
1 of 29 OK loaded seed file DEV.seed_full_moon_dates ........................... [[32mINSERT 272[0m in 3.75s]
2 of 29 START test dbt_expectations_source_expect_column_distinct_count_to_equal_airbnb_listings_room_type__4  [RUN]
2 of 29 PASS dbt_expectations_source_expect_column_distinct_count_to_equal_airbnb_listings_room_type__4  [[32mPASS[0m in 1.23s]
3 of 29 START test dbt_expectations_source_expect_column_values_to_match_regex_airbnb_listings_price___0_9_0_9_  [RUN]
3 of 29 PASS dbt_expectations_source_expect_column_values_to_match_regex_airbnb_listings_price___0_9_0_9_  [[32mPASS[0m in 0.88s]
4 of 29 START sql view model DEV.dim_hosts_cleansed ............................ [RUN]
4 of 29 OK created sql view model DEV.dim_hosts_cleansed ....................... [[32mSUCCESS 1[0m in 1.13s]
5 of 29 START sql incremental model DEV.fct_reviews ............................ [RUN]
Loading AIRBNB.DEV.fct_reviews incrementally (all missing dates)
5 of 29 OK created sql incremental model DEV.fct_reviews ....................... [[32mSUCCESS 0[0m in 3.28s]
6 of 29 START snapshot DEV.scd_raw_listings .................................... [RUN]
6 of 29 OK snapshotted DEV.scd_raw_listings .................................... [[32mSUCCESS 0[0m in 6.05s]
7 of 29 START test accepted_values_dim_hosts_cleansed_is_superhost__t__f ....... [RUN]
7 of 29 PASS accepted_values_dim_hosts_cleansed_is_superhost__t__f ............. [[32mPASS[0m in 2.53s]
8 of 29 START test not_null_dim_hosts_cleansed_host_id ......................... [RUN]
8 of 29 PASS not_null_dim_hosts_cleansed_host_id ............................... [[32mPASS[0m in 1.03s]
9 of 29 START test not_null_dim_hosts_cleansed_host_name ....................... [RUN]
9 of 29 PASS not_null_dim_hosts_cleansed_host_name ............................. [[32mPASS[0m in 0.99s]
10 of 29 START test unique_dim_hosts_cleansed_host_id .......................... [RUN]
10 of 29 PASS unique_dim_hosts_cleansed_host_id ................................ [[32mPASS[0m in 1.07s]
11 of 29 START test accepted_values_fct_reviews_review_sentiment__positive__neutral__negative  [RUN]
11 of 29 PASS accepted_values_fct_reviews_review_sentiment__positive__neutral__negative  [[32mPASS[0m in 1.36s]
12 of 29 START test not_null_fct_reviews_reviewer_name ......................... [RUN]
12 of 29 PASS not_null_fct_reviews_reviewer_name ............................... [[32mPASS[0m in 1.28s]
13 of 29 START sql view model DEV.dim_listings_cleansed ........................ [RUN]
13 of 29 OK created sql view model DEV.dim_listings_cleansed ................... [[32mSUCCESS 1[0m in 1.15s]
14 of 29 START sql table model DEV.mart_fullmoon_reviews ....................... [RUN]
14 of 29 OK created sql table model DEV.mart_fullmoon_reviews .................. [[32mSUCCESS 1[0m in 4.68s]
15 of 29 START test accepted_values_dim_listings_cleansed_room_type__Entire_home_apt__Private_room__Shared_room__Hotel_room  [RUN]
15 of 29 PASS accepted_values_dim_listings_cleansed_room_type__Entire_home_apt__Private_room__Shared_room__Hotel_room  [[32mPASS[0m in 1.08s]
16 of 29 START test consistent_created_at ...................................... [RUN]
16 of 29 PASS consistent_created_at ............................................ [[32mPASS[0m in 1.62s]
17 of 29 START test dims_listings_minimum_nights ............................... [RUN]
17 of 29 PASS dims_listings_minimum_nights ..................................... [[32mPASS[0m in 0.88s]
18 of 29 START test no_null_in_dim_listings .................................... [RUN]
18 of 29 PASS no_null_in_dim_listings .......................................... [[32mPASS[0m in 1.27s]
19 of 29 START test not_null_dim_listings_cleansed_host_id ..................... [RUN]
19 of 29 PASS not_null_dim_listings_cleansed_host_id ........................... [[32mPASS[0m in 1.06s]
20 of 29 START test not_null_dim_listings_cleansed_listing_id .................. [RUN]
20 of 29 PASS not_null_dim_listings_cleansed_listing_id ........................ [[32mPASS[0m in 0.85s]
21 of 29 START test positive_value_dim_listings_cleansed_minimum_nights ........ [RUN]
21 of 29 PASS positive_value_dim_listings_cleansed_minimum_nights .............. [[32mPASS[0m in 0.87s]
22 of 29 START test relationships_dim_listings_cleansed_host_id__host_id__ref_dim_hosts_cleansed_  [RUN]
22 of 29 PASS relationships_dim_listings_cleansed_host_id__host_id__ref_dim_hosts_cleansed_  [[32mPASS[0m in 1.47s]
23 of 29 START test relationships_fct_reviews_listing_id__listing_id__ref_dim_listings_cleansed_  [RUN]
23 of 29 PASS relationships_fct_reviews_listing_id__listing_id__ref_dim_listings_cleansed_  [[32mPASS[0m in 0.91s]
24 of 29 START test unique_dim_listings_cleansed_listing_id .................... [RUN]
24 of 29 PASS unique_dim_listings_cleansed_listing_id .......................... [[32mPASS[0m in 1.22s]
25 of 29 START sql table model DEV.dim_listings_with_host ...................... [RUN]
25 of 29 OK created sql table model DEV.dim_listings_with_host ................. [[32mSUCCESS 1[0m in 1.99s]
26 of 29 START test dbt_expectations_expect_column_max_to_be_between_dim_listings_with_host_price__5000  [RUN]
26 of 29 WARN 1 dbt_expectations_expect_column_max_to_be_between_dim_listings_with_host_price__5000  [[33mWARN 1[0m in 1.10s]
27 of 29 START test dbt_expectations_expect_column_quantile_values_to_be_between_dim_listings_with_host_price__500__50__0_99  [RUN]
27 of 29 PASS dbt_expectations_expect_column_quantile_values_to_be_between_dim_listings_with_host_price__500__50__0_99  [[32mPASS[0m in 0.89s]
28 of 29 START test dbt_expectations_expect_column_values_to_be_of_type_dim_listings_with_host_price__number  [RUN]
28 of 29 PASS dbt_expectations_expect_column_values_to_be_of_type_dim_listings_with_host_price__number  [[32mPASS[0m in 0.96s]
29 of 29 START test dbt_expectations_expect_table_row_count_to_equal_other_table_dim_listings_with_host_source_airbnb_listings_  [RUN]
29 of 29 PASS dbt_expectations_expect_table_row_count_to_equal_other_table_dim_listings_with_host_source_airbnb_listings_  [[32mPASS[0m in 0.98s]

Finished running 1 seed, 22 tests, 2 view models, 1 incremental model, 1 snapshot, 2 table models in 0 hours 0 minutes and 50.51 seconds (50.51s).

[33mCompleted with 1 warning:[0m

[33mWarning in test dbt_expectations_expect_column_max_to_be_between_dim_listings_with_host_price__5000 (models/schema.yml)[0m
Got 1 result, configured to warn if != 0

  compiled Code at target/dbtlearn_dbt_assets-e63b01c-de5b859/compiled/dbtlearn/models/schema.yml/dbt_expectations_expect_column_513b35db2c14a0dad05daa94d80f00e2.sql

Done. PASS=28 WARN=1 ERROR=0 SKIP=0 TOTAL=29
