[32m2024-05-29 17:48:39 -0700[0m - dagster - [34mDEBUG[0m - materialize_dbt_models - e63b01cb-a109-46ad-94ab-1ff1b80b5eda - 36775 - LOGS_CAPTURED - Started capturing logs in process (pid: 36775).
[32m2024-05-29 17:48:39 -0700[0m - dagster - [34mDEBUG[0m - materialize_dbt_models - e63b01cb-a109-46ad-94ab-1ff1b80b5eda - 36775 - dbtlearn_dbt_assets - STEP_START - Started execution of step "dbtlearn_dbt_assets".
[32m2024-05-29 17:48:39 -0700[0m - dagster - [34mINFO[0m - materialize_dbt_models - e63b01cb-a109-46ad-94ab-1ff1b80b5eda - dbtlearn_dbt_assets - A dbt subsetted execution is not being performed. Using the default dbt selection arguments `['--select', 'fqn:*']`.
[32m2024-05-29 17:48:39 -0700[0m - dagster - [34mINFO[0m - materialize_dbt_models - e63b01cb-a109-46ad-94ab-1ff1b80b5eda - dbtlearn_dbt_assets - Copying `/home/soroush/dbt_course/dbtlearn/target/partial_parse.msgpack` to `/home/soroush/dbt_course/dbtlearn/target/dbtlearn_dbt_assets-e63b01c-de5b859/partial_parse.msgpack` to take advantage of partial parsing.
[32m2024-05-29 17:48:39 -0700[0m - dagster - [34mINFO[0m - materialize_dbt_models - e63b01cb-a109-46ad-94ab-1ff1b80b5eda - dbtlearn_dbt_assets - Running dbt command: `dbt build --select fqn:*`.
[32m2024-05-29 17:48:48 -0700[0m - dagster - [34mDEBUG[0m - materialize_dbt_models - e63b01cb-a109-46ad-94ab-1ff1b80b5eda - 36775 - dbtlearn_dbt_assets - STEP_OUTPUT - Yielded output "seed_full_moon_dates" of type "Nothing". (Type check passed).
[32m2024-05-29 17:48:48 -0700[0m - dagster - [34mDEBUG[0m - materialize_dbt_models - e63b01cb-a109-46ad-94ab-1ff1b80b5eda - 36775 - dbtlearn_dbt_assets - ASSET_MATERIALIZATION - Materialized value seed_full_moon_dates.
[32m2024-05-29 17:48:49 -0700[0m - dagster - [34mDEBUG[0m - materialize_dbt_models - e63b01cb-a109-46ad-94ab-1ff1b80b5eda - 36775 - dbtlearn_dbt_assets - ASSET_OBSERVATION - ASSET_OBSERVATION for step dbtlearn_dbt_assets
[32m2024-05-29 17:48:50 -0700[0m - dagster - [34mDEBUG[0m - materialize_dbt_models - e63b01cb-a109-46ad-94ab-1ff1b80b5eda - 36775 - dbtlearn_dbt_assets - ASSET_OBSERVATION - ASSET_OBSERVATION for step dbtlearn_dbt_assets
[32m2024-05-29 17:48:51 -0700[0m - dagster - [34mDEBUG[0m - materialize_dbt_models - e63b01cb-a109-46ad-94ab-1ff1b80b5eda - 36775 - dbtlearn_dbt_assets - STEP_OUTPUT - Yielded output "dim_hosts_cleansed" of type "Nothing". (Type check passed).
[32m2024-05-29 17:48:51 -0700[0m - dagster - [34mDEBUG[0m - materialize_dbt_models - e63b01cb-a109-46ad-94ab-1ff1b80b5eda - 36775 - dbtlearn_dbt_assets - ASSET_MATERIALIZATION - Materialized value dim_hosts_cleansed.
[32m2024-05-29 17:48:55 -0700[0m - dagster - [34mDEBUG[0m - materialize_dbt_models - e63b01cb-a109-46ad-94ab-1ff1b80b5eda - 36775 - dbtlearn_dbt_assets - STEP_OUTPUT - Yielded output "fct_reviews" of type "Nothing". (Type check passed).
[32m2024-05-29 17:48:55 -0700[0m - dagster - [34mDEBUG[0m - materialize_dbt_models - e63b01cb-a109-46ad-94ab-1ff1b80b5eda - 36775 - dbtlearn_dbt_assets - ASSET_MATERIALIZATION - Materialized value fct_reviews.
[32m2024-05-29 17:49:01 -0700[0m - dagster - [34mDEBUG[0m - materialize_dbt_models - e63b01cb-a109-46ad-94ab-1ff1b80b5eda - 36775 - dbtlearn_dbt_assets - STEP_OUTPUT - Yielded output "scd_raw_listings" of type "Nothing". (Type check passed).
[32m2024-05-29 17:49:01 -0700[0m - dagster - [34mDEBUG[0m - materialize_dbt_models - e63b01cb-a109-46ad-94ab-1ff1b80b5eda - 36775 - dbtlearn_dbt_assets - ASSET_MATERIALIZATION - Materialized value scd_raw_listings.
[32m2024-05-29 17:49:03 -0700[0m - dagster - [34mDEBUG[0m - materialize_dbt_models - e63b01cb-a109-46ad-94ab-1ff1b80b5eda - 36775 - dbtlearn_dbt_assets - ASSET_OBSERVATION - ASSET_OBSERVATION for step dbtlearn_dbt_assets
[32m2024-05-29 17:49:04 -0700[0m - dagster - [34mDEBUG[0m - materialize_dbt_models - e63b01cb-a109-46ad-94ab-1ff1b80b5eda - 36775 - dbtlearn_dbt_assets - ASSET_OBSERVATION - ASSET_OBSERVATION for step dbtlearn_dbt_assets
[32m2024-05-29 17:49:05 -0700[0m - dagster - [34mDEBUG[0m - materialize_dbt_models - e63b01cb-a109-46ad-94ab-1ff1b80b5eda - 36775 - dbtlearn_dbt_assets - ASSET_OBSERVATION - ASSET_OBSERVATION for step dbtlearn_dbt_assets
[32m2024-05-29 17:49:06 -0700[0m - dagster - [34mDEBUG[0m - materialize_dbt_models - e63b01cb-a109-46ad-94ab-1ff1b80b5eda - 36775 - dbtlearn_dbt_assets - ASSET_OBSERVATION - ASSET_OBSERVATION for step dbtlearn_dbt_assets
[32m2024-05-29 17:49:08 -0700[0m - dagster - [34mDEBUG[0m - materialize_dbt_models - e63b01cb-a109-46ad-94ab-1ff1b80b5eda - 36775 - dbtlearn_dbt_assets - ASSET_OBSERVATION - ASSET_OBSERVATION for step dbtlearn_dbt_assets
[32m2024-05-29 17:49:09 -0700[0m - dagster - [34mDEBUG[0m - materialize_dbt_models - e63b01cb-a109-46ad-94ab-1ff1b80b5eda - 36775 - dbtlearn_dbt_assets - ASSET_OBSERVATION - ASSET_OBSERVATION for step dbtlearn_dbt_assets
[32m2024-05-29 17:49:10 -0700[0m - dagster - [34mDEBUG[0m - materialize_dbt_models - e63b01cb-a109-46ad-94ab-1ff1b80b5eda - 36775 - dbtlearn_dbt_assets - STEP_OUTPUT - Yielded output "dim_listings_cleansed" of type "Nothing". (Type check passed).
[32m2024-05-29 17:49:10 -0700[0m - dagster - [34mDEBUG[0m - materialize_dbt_models - e63b01cb-a109-46ad-94ab-1ff1b80b5eda - 36775 - dbtlearn_dbt_assets - ASSET_MATERIALIZATION - Materialized value dim_listings_cleansed.
[32m2024-05-29 17:49:15 -0700[0m - dagster - [34mDEBUG[0m - materialize_dbt_models - e63b01cb-a109-46ad-94ab-1ff1b80b5eda - 36775 - dbtlearn_dbt_assets - STEP_OUTPUT - Yielded output "mart_fullmoon_reviews" of type "Nothing". (Type check passed).
[32m2024-05-29 17:49:15 -0700[0m - dagster - [34mDEBUG[0m - materialize_dbt_models - e63b01cb-a109-46ad-94ab-1ff1b80b5eda - 36775 - dbtlearn_dbt_assets - ASSET_MATERIALIZATION - Materialized value mart_fullmoon_reviews.
[32m2024-05-29 17:49:16 -0700[0m - dagster - [34mDEBUG[0m - materialize_dbt_models - e63b01cb-a109-46ad-94ab-1ff1b80b5eda - 36775 - dbtlearn_dbt_assets - ASSET_OBSERVATION - ASSET_OBSERVATION for step dbtlearn_dbt_assets
[32m2024-05-29 17:49:18 -0700[0m - dagster - [34mDEBUG[0m - materialize_dbt_models - e63b01cb-a109-46ad-94ab-1ff1b80b5eda - 36775 - dbtlearn_dbt_assets - ASSET_OBSERVATION - ASSET_OBSERVATION for step dbtlearn_dbt_assets
[32m2024-05-29 17:49:18 -0700[0m - dagster - [34mDEBUG[0m - materialize_dbt_models - e63b01cb-a109-46ad-94ab-1ff1b80b5eda - 36775 - dbtlearn_dbt_assets - ASSET_OBSERVATION - ASSET_OBSERVATION for step dbtlearn_dbt_assets
[32m2024-05-29 17:49:19 -0700[0m - dagster - [34mDEBUG[0m - materialize_dbt_models - e63b01cb-a109-46ad-94ab-1ff1b80b5eda - 36775 - dbtlearn_dbt_assets - ASSET_OBSERVATION - ASSET_OBSERVATION for step dbtlearn_dbt_assets
[32m2024-05-29 17:49:20 -0700[0m - dagster - [34mDEBUG[0m - materialize_dbt_models - e63b01cb-a109-46ad-94ab-1ff1b80b5eda - 36775 - dbtlearn_dbt_assets - ASSET_OBSERVATION - ASSET_OBSERVATION for step dbtlearn_dbt_assets
[32m2024-05-29 17:49:21 -0700[0m - dagster - [34mDEBUG[0m - materialize_dbt_models - e63b01cb-a109-46ad-94ab-1ff1b80b5eda - 36775 - dbtlearn_dbt_assets - ASSET_OBSERVATION - ASSET_OBSERVATION for step dbtlearn_dbt_assets
[32m2024-05-29 17:49:22 -0700[0m - dagster - [34mDEBUG[0m - materialize_dbt_models - e63b01cb-a109-46ad-94ab-1ff1b80b5eda - 36775 - dbtlearn_dbt_assets - ASSET_OBSERVATION - ASSET_OBSERVATION for step dbtlearn_dbt_assets
[32m2024-05-29 17:49:23 -0700[0m - dagster - [34mDEBUG[0m - materialize_dbt_models - e63b01cb-a109-46ad-94ab-1ff1b80b5eda - 36775 - dbtlearn_dbt_assets - ASSET_OBSERVATION - ASSET_OBSERVATION for step dbtlearn_dbt_assets
[32m2024-05-29 17:49:24 -0700[0m - dagster - [34mDEBUG[0m - materialize_dbt_models - e63b01cb-a109-46ad-94ab-1ff1b80b5eda - 36775 - dbtlearn_dbt_assets - ASSET_OBSERVATION - ASSET_OBSERVATION for step dbtlearn_dbt_assets
[32m2024-05-29 17:49:24 -0700[0m - dagster - [34mDEBUG[0m - materialize_dbt_models - e63b01cb-a109-46ad-94ab-1ff1b80b5eda - 36775 - dbtlearn_dbt_assets - ASSET_OBSERVATION - ASSET_OBSERVATION for step dbtlearn_dbt_assets
[32m2024-05-29 17:49:25 -0700[0m - dagster - [34mDEBUG[0m - materialize_dbt_models - e63b01cb-a109-46ad-94ab-1ff1b80b5eda - 36775 - dbtlearn_dbt_assets - ASSET_OBSERVATION - ASSET_OBSERVATION for step dbtlearn_dbt_assets
[32m2024-05-29 17:49:25 -0700[0m - dagster - [34mDEBUG[0m - materialize_dbt_models - e63b01cb-a109-46ad-94ab-1ff1b80b5eda - 36775 - dbtlearn_dbt_assets - ASSET_OBSERVATION - ASSET_OBSERVATION for step dbtlearn_dbt_assets
[32m2024-05-29 17:49:26 -0700[0m - dagster - [34mDEBUG[0m - materialize_dbt_models - e63b01cb-a109-46ad-94ab-1ff1b80b5eda - 36775 - dbtlearn_dbt_assets - ASSET_OBSERVATION - ASSET_OBSERVATION for step dbtlearn_dbt_assets
[32m2024-05-29 17:49:28 -0700[0m - dagster - [34mDEBUG[0m - materialize_dbt_models - e63b01cb-a109-46ad-94ab-1ff1b80b5eda - 36775 - dbtlearn_dbt_assets - STEP_OUTPUT - Yielded output "dim_listings_with_host" of type "Nothing". (Type check passed).
[32m2024-05-29 17:49:28 -0700[0m - dagster - [34mDEBUG[0m - materialize_dbt_models - e63b01cb-a109-46ad-94ab-1ff1b80b5eda - 36775 - dbtlearn_dbt_assets - ASSET_MATERIALIZATION - Materialized value dim_listings_with_host.
[32m2024-05-29 17:49:29 -0700[0m - dagster - [34mDEBUG[0m - materialize_dbt_models - e63b01cb-a109-46ad-94ab-1ff1b80b5eda - 36775 - dbtlearn_dbt_assets - ASSET_OBSERVATION - ASSET_OBSERVATION for step dbtlearn_dbt_assets
[32m2024-05-29 17:49:30 -0700[0m - dagster - [34mDEBUG[0m - materialize_dbt_models - e63b01cb-a109-46ad-94ab-1ff1b80b5eda - 36775 - dbtlearn_dbt_assets - ASSET_OBSERVATION - ASSET_OBSERVATION for step dbtlearn_dbt_assets
[32m2024-05-29 17:49:31 -0700[0m - dagster - [34mDEBUG[0m - materialize_dbt_models - e63b01cb-a109-46ad-94ab-1ff1b80b5eda - 36775 - dbtlearn_dbt_assets - ASSET_OBSERVATION - ASSET_OBSERVATION for step dbtlearn_dbt_assets
[32m2024-05-29 17:49:32 -0700[0m - dagster - [34mDEBUG[0m - materialize_dbt_models - e63b01cb-a109-46ad-94ab-1ff1b80b5eda - 36775 - dbtlearn_dbt_assets - ASSET_OBSERVATION - ASSET_OBSERVATION for step dbtlearn_dbt_assets
[32m2024-05-29 17:49:32 -0700[0m - dagster - [34mDEBUG[0m - materialize_dbt_models - e63b01cb-a109-46ad-94ab-1ff1b80b5eda - 36775 - dbtlearn_dbt_assets - ASSET_OBSERVATION - ASSET_OBSERVATION for step dbtlearn_dbt_assets
[32m2024-05-29 17:49:32 -0700[0m - dagster - [34mDEBUG[0m - materialize_dbt_models - e63b01cb-a109-46ad-94ab-1ff1b80b5eda - 36775 - dbtlearn_dbt_assets - STEP_SUCCESS - Finished execution of step "dbtlearn_dbt_assets" in 53.42s.
