[0m21:14:52.776645 [debug] [MainThread]: Sending event: {'category': 'dbt', 'action': 'invocation', 'label': 'start', 'context': [<snowplow_tracker.self_describing_json.SelfDescribingJson object at 0x7f5646059510>, <snowplow_tracker.self_describing_json.SelfDescribingJson object at 0x7f56447724d0>, <snowplow_tracker.self_describing_json.SelfDescribingJson object at 0x7f5644772470>]}


============================== 21:14:52.780856 | 5e42702c-0508-4c60-b3be-52de81c996db ==============================
[0m21:14:52.780856 [info ] [MainThread]: Running with dbt=1.8.1
[0m21:14:52.781260 [debug] [MainThread]: running dbt with arguments {'printer_width': '80', 'indirect_selection': 'eager', 'log_cache_events': 'False', 'write_json': 'True', 'partial_parse': 'True', 'cache_selected_only': 'False', 'warn_error': 'None', 'debug': 'False', 'fail_fast': 'False', 'log_path': 'logs', 'version_check': 'True', 'profiles_dir': '/home/soroush/.dbt', 'use_colors': 'True', 'use_experimental_parser': 'False', 'no_print': 'None', 'quiet': 'False', 'log_format': 'default', 'static_parser': 'True', 'invocation_command': 'dbt init dbtlearn', 'warn_error_options': 'WarnErrorOptions(include=[], exclude=[])', 'target_path': 'None', 'introspect': 'True', 'send_anonymous_usage_stats': 'True'}
[0m21:14:52.787001 [debug] [MainThread]: Starter project path: /home/soroush/dbt_course/env/lib/python3.10/site-packages/dbt/include/starter_project
[0m21:14:52.789713 [info ] [MainThread]: 
Your new dbt project "dbtlearn" was created!

For more information on how to configure the profiles.yml file,
please consult the dbt documentation here:

  https://docs.getdbt.com/docs/configure-your-profile

One more thing:

Need help? Don't hesitate to reach out to us via GitHub issues or on Slack:

  https://community.getdbt.com/

Happy modeling!

[0m21:14:52.790254 [info ] [MainThread]: Setting up your profile.
[0m21:22:35.654910 [info ] [MainThread]: Profile dbtlearn written to /home/soroush/.dbt/profiles.yml using target's profile_template.yml and your supplied values. Run 'dbt debug' to validate the connection.
[0m21:22:35.657791 [debug] [MainThread]: Resource report: {"command_name": "init", "command_success": true, "command_wall_clock_time": 462.9421, "process_user_time": 1.087019, "process_kernel_time": 0.092294, "process_mem_max_rss": "105888", "process_in_blocks": "888", "process_out_blocks": "80"}
[0m21:22:35.658429 [debug] [MainThread]: Command `dbt init` succeeded at 21:22:35.658326 after 462.94 seconds
[0m21:22:35.658916 [debug] [MainThread]: Sending event: {'category': 'dbt', 'action': 'invocation', 'label': 'end', 'context': [<snowplow_tracker.self_describing_json.SelfDescribingJson object at 0x7f5646059510>, <snowplow_tracker.self_describing_json.SelfDescribingJson object at 0x7f56447728f0>, <snowplow_tracker.self_describing_json.SelfDescribingJson object at 0x7f5644772530>]}
[0m21:22:35.659395 [debug] [MainThread]: Flushing usage events
[0m16:36:01.016098 [debug] [MainThread]: Sending event: {'category': 'dbt', 'action': 'invocation', 'label': 'start', 'context': [<snowplow_tracker.self_describing_json.SelfDescribingJson object at 0x7f5ed93255d0>, <snowplow_tracker.self_describing_json.SelfDescribingJson object at 0x7f5ed7a1a3b0>, <snowplow_tracker.self_describing_json.SelfDescribingJson object at 0x7f5ed7a1a410>]}


============================== 16:36:01.022151 | 9fb197e8-4c0d-46fb-8d0d-64fe202c98f8 ==============================
[0m16:36:01.022151 [info ] [MainThread]: Running with dbt=1.8.1
[0m16:36:01.022630 [debug] [MainThread]: running dbt with arguments {'printer_width': '80', 'indirect_selection': 'eager', 'write_json': 'True', 'log_cache_events': 'False', 'partial_parse': 'True', 'cache_selected_only': 'False', 'warn_error': 'None', 'version_check': 'True', 'fail_fast': 'False', 'log_path': 'logs', 'profiles_dir': '/home/soroush/.dbt', 'debug': 'False', 'use_colors': 'True', 'use_experimental_parser': 'False', 'no_print': 'None', 'quiet': 'False', 'warn_error_options': 'WarnErrorOptions(include=[], exclude=[])', 'introspect': 'True', 'log_format': 'default', 'static_parser': 'True', 'target_path': 'None', 'invocation_command': 'dbt test', 'send_anonymous_usage_stats': 'True'}
[0m16:36:01.023037 [error] [MainThread]: Encountered an error:
Runtime Error
  No dbt_project.yml found at expected path /home/soroush/dbt_course/dbt_project.yml
  Verify that each entry within packages.yml (and their transitive dependencies) contains a file named dbt_project.yml
  
[0m16:36:01.023672 [debug] [MainThread]: Resource report: {"command_name": "test", "command_wall_clock_time": 0.05602576, "process_user_time": 1.012764, "process_kernel_time": 0.070191, "process_mem_max_rss": "85908", "process_in_blocks": "8", "process_out_blocks": "16", "command_success": false}
[0m16:36:01.024130 [debug] [MainThread]: Command `dbt test` failed at 16:36:01.024039 after 0.06 seconds
[0m16:36:01.024452 [debug] [MainThread]: Sending event: {'category': 'dbt', 'action': 'invocation', 'label': 'end', 'context': [<snowplow_tracker.self_describing_json.SelfDescribingJson object at 0x7f5ed93255d0>, <snowplow_tracker.self_describing_json.SelfDescribingJson object at 0x7f5ed7a1a320>, <snowplow_tracker.self_describing_json.SelfDescribingJson object at 0x7f5ed7a1a3e0>]}
[0m16:36:01.024777 [debug] [MainThread]: Flushing usage events
